[2018-12-19 17:17:03.993] [exthost1] [info] extension host started
[2018-12-19 17:17:04.012] [exthost1] [info] ExtensionService#_doActivateExtension vscode.debug-auto-launch {"startup":true,"activationEvent":"*"}
[2018-12-19 17:17:04.012] [exthost1] [info] ExtensionService#loadCommonJSModule c:\Users\cecii\.codemix\engine\resources\app\extensions\debug-auto-launch\out\extension
[2018-12-19 17:17:04.362] [exthost1] [info] ExtensionService#_doActivateExtension vscode.emmet {"startup":true,"activationEvent":"*"}
[2018-12-19 17:17:04.362] [exthost1] [info] ExtensionService#loadCommonJSModule c:\Users\cecii\.codemix\engine\resources\app\extensions\emmet\dist\extension
[2018-12-19 17:17:04.518] [exthost1] [info] ExtensionService#_doActivateExtension vscode.merge-conflict {"startup":true,"activationEvent":"*"}
[2018-12-19 17:17:04.518] [exthost1] [info] ExtensionService#loadCommonJSModule c:\Users\cecii\.codemix\engine\resources\app\extensions\merge-conflict\out\extension
[2018-12-19 17:17:04.874] [exthost1] [info] ExtensionService#_doActivateExtension vscode.search-rg {"startup":true,"activationEvent":"*"}
[2018-12-19 17:17:04.874] [exthost1] [info] ExtensionService#loadCommonJSModule c:\Users\cecii\.codemix\engine\resources\app\extensions\search-rg\out\extension
[2018-12-19 17:17:05.119] [exthost1] [info] ExtensionService#_doActivateExtension christian-kohler.path-intellisense {"startup":true,"activationEvent":"*"}
[2018-12-19 17:17:05.120] [exthost1] [info] ExtensionService#loadCommonJSModule C:\Users\cecii\.codemix\extensions\christian-kohler.path-intellisense-1.4.2\out\src\extension
[2018-12-19 17:17:05.482] [exthost1] [info] ExtensionService#_doActivateExtension dbaeumer.vscode-eslint {"startup":true,"activationEvent":"*"}
[2018-12-19 17:17:05.482] [exthost1] [info] ExtensionService#loadCommonJSModule C:\Users\cecii\.codemix\extensions\dbaeumer.vscode-eslint-1.4.10\client\out\extension
[2018-12-19 17:17:06.948] [exthost1] [info] ExtensionService#_doActivateExtension formulahendry.auto-close-tag {"startup":true,"activationEvent":"*"}
[2018-12-19 17:17:06.948] [exthost1] [info] ExtensionService#loadCommonJSModule C:\Users\cecii\.codemix\extensions\formulahendry.auto-close-tag-0.5.6\out\src\extension
[2018-12-19 17:17:06.976] [exthost1] [info] ExtensionService#_doActivateExtension HookyQR.beautify {"startup":true,"activationEvent":"*"}
[2018-12-19 17:17:06.976] [exthost1] [info] ExtensionService#loadCommonJSModule C:\Users\cecii\.codemix\extensions\hookyqr.beautify-1.3.0\extension
[2018-12-19 17:17:07.771] [exthost1] [info] eager extensions activated
[2018-12-19 17:17:27.712] [exthost1] [info] extension host started
[2018-12-19 17:17:27.730] [exthost1] [info] ExtensionService#_doActivateExtension vscode.debug-auto-launch {"startup":true,"activationEvent":"*"}
[2018-12-19 17:17:27.730] [exthost1] [info] ExtensionService#loadCommonJSModule c:\Users\cecii\.codemix\engine\resources\app\extensions\debug-auto-launch\out\extension
[2018-12-19 17:17:27.737] [exthost1] [info] ExtensionService#_doActivateExtension vscode.emmet {"startup":true,"activationEvent":"*"}
[2018-12-19 17:17:27.737] [exthost1] [info] ExtensionService#loadCommonJSModule c:\Users\cecii\.codemix\engine\resources\app\extensions\emmet\dist\extension
[2018-12-19 17:17:27.769] [exthost1] [info] ExtensionService#_doActivateExtension vscode.merge-conflict {"startup":true,"activationEvent":"*"}
[2018-12-19 17:17:27.769] [exthost1] [info] ExtensionService#loadCommonJSModule c:\Users\cecii\.codemix\engine\resources\app\extensions\merge-conflict\out\extension
[2018-12-19 17:17:27.785] [exthost1] [info] ExtensionService#_doActivateExtension vscode.search-rg {"startup":true,"activationEvent":"*"}
[2018-12-19 17:17:27.785] [exthost1] [info] ExtensionService#loadCommonJSModule c:\Users\cecii\.codemix\engine\resources\app\extensions\search-rg\out\extension
[2018-12-19 17:17:27.793] [exthost1] [info] ExtensionService#_doActivateExtension christian-kohler.path-intellisense {"startup":true,"activationEvent":"*"}
[2018-12-19 17:17:27.793] [exthost1] [info] ExtensionService#loadCommonJSModule C:\Users\cecii\.codemix\extensions\christian-kohler.path-intellisense-1.4.2\out\src\extension
[2018-12-19 17:17:27.805] [exthost1] [info] ExtensionService#_doActivateExtension dbaeumer.vscode-eslint {"startup":true,"activationEvent":"*"}
[2018-12-19 17:17:27.805] [exthost1] [info] ExtensionService#loadCommonJSModule C:\Users\cecii\.codemix\extensions\dbaeumer.vscode-eslint-1.4.10\client\out\extension
[2018-12-19 17:17:27.861] [exthost1] [info] ExtensionService#_doActivateExtension formulahendry.auto-close-tag {"startup":true,"activationEvent":"*"}
[2018-12-19 17:17:27.861] [exthost1] [info] ExtensionService#loadCommonJSModule C:\Users\cecii\.codemix\extensions\formulahendry.auto-close-tag-0.5.6\out\src\extension
[2018-12-19 17:17:27.862] [exthost1] [info] ExtensionService#_doActivateExtension HookyQR.beautify {"startup":true,"activationEvent":"*"}
[2018-12-19 17:17:27.862] [exthost1] [info] ExtensionService#loadCommonJSModule C:\Users\cecii\.codemix\extensions\hookyqr.beautify-1.3.0\extension
[2018-12-19 17:17:27.899] [exthost1] [info] eager extensions activated
[2018-12-19 17:17:28.170] [exthost1] [info] ExtensionService#_doActivateExtension vscode.grunt {"startup":false,"activationEvent":"onCommand:workbench.action.tasks.runTask"}
[2018-12-19 17:17:28.170] [exthost1] [info] ExtensionService#loadCommonJSModule c:\Users\cecii\.codemix\engine\resources\app\extensions\grunt\out\main
[2018-12-19 17:17:28.175] [exthost1] [info] ExtensionService#_doActivateExtension vscode.gulp {"startup":false,"activationEvent":"onCommand:workbench.action.tasks.runTask"}
[2018-12-19 17:17:28.175] [exthost1] [info] ExtensionService#loadCommonJSModule c:\Users\cecii\.codemix\engine\resources\app\extensions\gulp\out\main
[2018-12-19 17:17:28.180] [exthost1] [info] ExtensionService#_doActivateExtension vscode.jake {"startup":false,"activationEvent":"onCommand:workbench.action.tasks.runTask"}
[2018-12-19 17:17:28.180] [exthost1] [info] ExtensionService#loadCommonJSModule c:\Users\cecii\.codemix\engine\resources\app\extensions\jake\out\main
[2018-12-19 17:17:28.187] [exthost1] [info] ExtensionService#_doActivateExtension vscode.npm {"startup":false,"activationEvent":"onCommand:workbench.action.tasks.runTask"}
[2018-12-19 17:17:28.187] [exthost1] [info] ExtensionService#loadCommonJSModule c:\Users\cecii\.codemix\engine\resources\app\extensions\npm\out\main
[2018-12-19 17:17:28.239] [exthost1] [info] ExtensionService#_doActivateExtension vscode.typescript-language-features {"startup":false,"activationEvent":"onCommand:workbench.action.tasks.runTask"}
[2018-12-19 17:17:28.239] [exthost1] [info] ExtensionService#loadCommonJSModule c:\Users\cecii\.codemix\engine\resources\app\extensions\typescript-language-features\dist\extension
[2018-12-19 17:17:28.374] [exthost1] [info] ExtensionService#_doActivateExtension vscode.configuration-editing {"startup":false,"activationEvent":"onLanguage:jsonc"}
[2018-12-19 17:17:28.374] [exthost1] [info] ExtensionService#loadCommonJSModule c:\Users\cecii\.codemix\engine\resources\app\extensions\configuration-editing\out\extension
[2018-12-19 17:17:28.385] [exthost1] [info] ExtensionService#_doActivateExtension vscode.json-language-features {"startup":false,"activationEvent":"onLanguage:jsonc"}
[2018-12-19 17:17:28.385] [exthost1] [info] ExtensionService#loadCommonJSModule c:\Users\cecii\.codemix\engine\resources\app\extensions\json-language-features\client\dist\jsonMain
[2018-12-19 17:18:05.269] [exthost1] [info] ExtensionService#_doActivateExtension vscode.html-language-features {"startup":false,"activationEvent":"onLanguage:html"}
[2018-12-19 17:18:05.269] [exthost1] [info] ExtensionService#loadCommonJSModule c:\Users\cecii\.codemix\engine\resources\app\extensions\html-language-features\client\dist\htmlMain
[2018-12-19 17:18:06.663] [exthost1] [info] ExtensionService#_doActivateExtension mkaufman.HTMLHint {"startup":false,"activationEvent":"onLanguage:html"}
[2018-12-19 17:18:06.663] [exthost1] [info] ExtensionService#loadCommonJSModule C:\Users\cecii\.codemix\extensions\mkaufman.htmlhint-0.5.0\out\extension
[2018-12-19 17:36:10.300] [exthost1] [info] ExtensionService#_doActivateExtension vscode.css-language-features {"startup":false,"activationEvent":"onLanguage:css"}
[2018-12-19 17:36:10.300] [exthost1] [info] ExtensionService#loadCommonJSModule c:\Users\cecii\.codemix\engine\resources\app\extensions\css-language-features\client\dist\cssMain
[2018-12-19 18:07:22.544] [exthost1] [info] extension host started
[2018-12-19 18:07:22.564] [exthost1] [info] ExtensionService#_doActivateExtension vscode.debug-auto-launch {"startup":true,"activationEvent":"*"}
[2018-12-19 18:07:22.564] [exthost1] [info] ExtensionService#loadCommonJSModule c:\Users\cecii\.codemix\engine\resources\app\extensions\debug-auto-launch\out\extension
[2018-12-19 18:07:22.571] [exthost1] [info] ExtensionService#_doActivateExtension vscode.emmet {"startup":true,"activationEvent":"*"}
[2018-12-19 18:07:22.571] [exthost1] [info] ExtensionService#loadCommonJSModule c:\Users\cecii\.codemix\engine\resources\app\extensions\emmet\dist\extension
[2018-12-19 18:07:22.602] [exthost1] [info] ExtensionService#_doActivateExtension vscode.merge-conflict {"startup":true,"activationEvent":"*"}
[2018-12-19 18:07:22.602] [exthost1] [info] ExtensionService#loadCommonJSModule c:\Users\cecii\.codemix\engine\resources\app\extensions\merge-conflict\out\extension
[2018-12-19 18:07:22.616] [exthost1] [info] ExtensionService#_doActivateExtension vscode.search-rg {"startup":true,"activationEvent":"*"}
[2018-12-19 18:07:22.616] [exthost1] [info] ExtensionService#loadCommonJSModule c:\Users\cecii\.codemix\engine\resources\app\extensions\search-rg\out\extension
[2018-12-19 18:07:22.623] [exthost1] [info] ExtensionService#_doActivateExtension christian-kohler.path-intellisense {"startup":true,"activationEvent":"*"}
[2018-12-19 18:07:22.623] [exthost1] [info] ExtensionService#loadCommonJSModule C:\Users\cecii\.codemix\extensions\christian-kohler.path-intellisense-1.4.2\out\src\extension
[2018-12-19 18:07:22.634] [exthost1] [info] ExtensionService#_doActivateExtension dbaeumer.vscode-eslint {"startup":true,"activationEvent":"*"}
[2018-12-19 18:07:22.634] [exthost1] [info] ExtensionService#loadCommonJSModule C:\Users\cecii\.codemix\extensions\dbaeumer.vscode-eslint-1.4.10\client\out\extension
[2018-12-19 18:07:22.686] [exthost1] [info] ExtensionService#_doActivateExtension formulahendry.auto-close-tag {"startup":true,"activationEvent":"*"}
[2018-12-19 18:07:22.686] [exthost1] [info] ExtensionService#loadCommonJSModule C:\Users\cecii\.codemix\extensions\formulahendry.auto-close-tag-0.5.6\out\src\extension
[2018-12-19 18:07:22.687] [exthost1] [info] ExtensionService#_doActivateExtension HookyQR.beautify {"startup":true,"activationEvent":"*"}
[2018-12-19 18:07:22.687] [exthost1] [info] ExtensionService#loadCommonJSModule C:\Users\cecii\.codemix\extensions\hookyqr.beautify-1.3.0\extension
[2018-12-19 18:07:22.725] [exthost1] [info] eager extensions activated
[2018-12-19 18:07:22.725] [exthost1] [info] ExtensionService#_doActivateExtension vscode.grunt {"startup":false,"activationEvent":"onCommand:workbench.action.tasks.runTask"}
[2018-12-19 18:07:22.725] [exthost1] [info] ExtensionService#loadCommonJSModule c:\Users\cecii\.codemix\engine\resources\app\extensions\grunt\out\main
[2018-12-19 18:07:22.729] [exthost1] [info] ExtensionService#_doActivateExtension vscode.gulp {"startup":false,"activationEvent":"onCommand:workbench.action.tasks.runTask"}
[2018-12-19 18:07:22.729] [exthost1] [info] ExtensionService#loadCommonJSModule c:\Users\cecii\.codemix\engine\resources\app\extensions\gulp\out\main
[2018-12-19 18:07:22.734] [exthost1] [info] ExtensionService#_doActivateExtension vscode.jake {"startup":false,"activationEvent":"onCommand:workbench.action.tasks.runTask"}
[2018-12-19 18:07:22.734] [exthost1] [info] ExtensionService#loadCommonJSModule c:\Users\cecii\.codemix\engine\resources\app\extensions\jake\out\main
[2018-12-19 18:07:22.738] [exthost1] [info] ExtensionService#_doActivateExtension vscode.npm {"startup":false,"activationEvent":"onCommand:workbench.action.tasks.runTask"}
[2018-12-19 18:07:22.738] [exthost1] [info] ExtensionService#loadCommonJSModule c:\Users\cecii\.codemix\engine\resources\app\extensions\npm\out\main
[2018-12-19 18:07:22.784] [exthost1] [info] ExtensionService#_doActivateExtension vscode.typescript-language-features {"startup":false,"activationEvent":"onCommand:workbench.action.tasks.runTask"}
[2018-12-19 18:07:22.784] [exthost1] [info] ExtensionService#loadCommonJSModule c:\Users\cecii\.codemix\engine\resources\app\extensions\typescript-language-features\dist\extension
[2018-12-19 18:07:22.878] [exthost1] [info] ExtensionService#_doActivateExtension vscode.configuration-editing {"startup":false,"activationEvent":"onLanguage:jsonc"}
[2018-12-19 18:07:22.878] [exthost1] [info] ExtensionService#loadCommonJSModule c:\Users\cecii\.codemix\engine\resources\app\extensions\configuration-editing\out\extension
[2018-12-19 18:07:22.888] [exthost1] [info] ExtensionService#_doActivateExtension vscode.json-language-features {"startup":false,"activationEvent":"onLanguage:jsonc"}
[2018-12-19 18:07:22.888] [exthost1] [info] ExtensionService#loadCommonJSModule c:\Users\cecii\.codemix\engine\resources\app\extensions\json-language-features\client\dist\jsonMain
[2018-12-19 18:07:23.014] [exthost1] [info] ExtensionService#_doActivateExtension vscode.html-language-features {"startup":false,"activationEvent":"onLanguage:html"}
[2018-12-19 18:07:23.014] [exthost1] [info] ExtensionService#loadCommonJSModule c:\Users\cecii\.codemix\engine\resources\app\extensions\html-language-features\client\dist\htmlMain
[2018-12-19 18:07:23.158] [exthost1] [info] ExtensionService#_doActivateExtension mkaufman.HTMLHint {"startup":false,"activationEvent":"onLanguage:html"}
[2018-12-19 18:07:23.158] [exthost1] [info] ExtensionService#loadCommonJSModule C:\Users\cecii\.codemix\extensions\mkaufman.htmlhint-0.5.0\out\extension
[2018-12-19 18:07:23.196] [exthost1] [info] ExtensionService#_doActivateExtension vscode.css-language-features {"startup":false,"activationEvent":"onLanguage:css"}
[2018-12-19 18:07:23.196] [exthost1] [info] ExtensionService#loadCommonJSModule c:\Users\cecii\.codemix\engine\resources\app\extensions\css-language-features\client\dist\cssMain
