[2018-12-20 18:34:24.183] [exthost1] [info] extension host started
[2018-12-20 18:34:24.209] [exthost1] [info] ExtensionService#_doActivateExtension vscode.debug-auto-launch {"startup":true,"activationEvent":"*"}
[2018-12-20 18:34:24.209] [exthost1] [info] ExtensionService#loadCommonJSModule c:\Users\cecii\.codemix\engine\resources\app\extensions\debug-auto-launch\out\extension
[2018-12-20 18:34:24.221] [exthost1] [info] ExtensionService#_doActivateExtension vscode.emmet {"startup":true,"activationEvent":"*"}
[2018-12-20 18:34:24.221] [exthost1] [info] ExtensionService#loadCommonJSModule c:\Users\cecii\.codemix\engine\resources\app\extensions\emmet\dist\extension
[2018-12-20 18:34:24.330] [exthost1] [info] ExtensionService#_doActivateExtension vscode.merge-conflict {"startup":true,"activationEvent":"*"}
[2018-12-20 18:34:24.330] [exthost1] [info] ExtensionService#loadCommonJSModule c:\Users\cecii\.codemix\engine\resources\app\extensions\merge-conflict\out\extension
[2018-12-20 18:34:24.369] [exthost1] [info] ExtensionService#_doActivateExtension vscode.search-rg {"startup":true,"activationEvent":"*"}
[2018-12-20 18:34:24.369] [exthost1] [info] ExtensionService#loadCommonJSModule c:\Users\cecii\.codemix\engine\resources\app\extensions\search-rg\out\extension
[2018-12-20 18:34:24.385] [exthost1] [info] ExtensionService#_doActivateExtension christian-kohler.path-intellisense {"startup":true,"activationEvent":"*"}
[2018-12-20 18:34:24.385] [exthost1] [info] ExtensionService#loadCommonJSModule C:\Users\cecii\.codemix\extensions\christian-kohler.path-intellisense-1.4.2\out\src\extension
[2018-12-20 18:34:24.414] [exthost1] [info] ExtensionService#_doActivateExtension dbaeumer.vscode-eslint {"startup":true,"activationEvent":"*"}
[2018-12-20 18:34:24.414] [exthost1] [info] ExtensionService#loadCommonJSModule C:\Users\cecii\.codemix\extensions\dbaeumer.vscode-eslint-1.4.10\client\out\extension
[2018-12-20 18:34:24.559] [exthost1] [info] ExtensionService#_doActivateExtension formulahendry.auto-close-tag {"startup":true,"activationEvent":"*"}
[2018-12-20 18:34:24.559] [exthost1] [info] ExtensionService#loadCommonJSModule C:\Users\cecii\.codemix\extensions\formulahendry.auto-close-tag-0.5.6\out\src\extension
[2018-12-20 18:34:24.561] [exthost1] [info] ExtensionService#_doActivateExtension HookyQR.beautify {"startup":true,"activationEvent":"*"}
[2018-12-20 18:34:24.562] [exthost1] [info] ExtensionService#loadCommonJSModule C:\Users\cecii\.codemix\extensions\hookyqr.beautify-1.3.0\extension
[2018-12-20 18:34:24.658] [exthost1] [info] eager extensions activated
[2018-12-20 18:34:24.658] [exthost1] [info] ExtensionService#_doActivateExtension vscode.configuration-editing {"startup":false,"activationEvent":"onLanguage:jsonc"}
[2018-12-20 18:34:24.658] [exthost1] [info] ExtensionService#loadCommonJSModule c:\Users\cecii\.codemix\engine\resources\app\extensions\configuration-editing\out\extension
[2018-12-20 18:34:24.672] [exthost1] [info] ExtensionService#_doActivateExtension vscode.json-language-features {"startup":false,"activationEvent":"onLanguage:jsonc"}
[2018-12-20 18:34:24.672] [exthost1] [info] ExtensionService#loadCommonJSModule c:\Users\cecii\.codemix\engine\resources\app\extensions\json-language-features\client\dist\jsonMain
[2018-12-20 18:34:24.799] [exthost1] [info] ExtensionService#_doActivateExtension vscode.typescript-language-features {"startup":false,"activationEvent":"onLanguage:jsonc"}
[2018-12-20 18:34:24.799] [exthost1] [info] ExtensionService#loadCommonJSModule c:\Users\cecii\.codemix\engine\resources\app\extensions\typescript-language-features\dist\extension
[2018-12-20 18:34:24.919] [exthost1] [info] ExtensionService#_doActivateExtension vscode.grunt {"startup":false,"activationEvent":"onCommand:workbench.action.tasks.runTask"}
[2018-12-20 18:34:24.919] [exthost1] [info] ExtensionService#loadCommonJSModule c:\Users\cecii\.codemix\engine\resources\app\extensions\grunt\out\main
[2018-12-20 18:34:24.925] [exthost1] [info] ExtensionService#_doActivateExtension vscode.gulp {"startup":false,"activationEvent":"onCommand:workbench.action.tasks.runTask"}
[2018-12-20 18:34:24.925] [exthost1] [info] ExtensionService#loadCommonJSModule c:\Users\cecii\.codemix\engine\resources\app\extensions\gulp\out\main
[2018-12-20 18:34:24.931] [exthost1] [info] ExtensionService#_doActivateExtension vscode.jake {"startup":false,"activationEvent":"onCommand:workbench.action.tasks.runTask"}
[2018-12-20 18:34:24.931] [exthost1] [info] ExtensionService#loadCommonJSModule c:\Users\cecii\.codemix\engine\resources\app\extensions\jake\out\main
[2018-12-20 18:34:24.941] [exthost1] [info] ExtensionService#_doActivateExtension vscode.npm {"startup":false,"activationEvent":"onCommand:workbench.action.tasks.runTask"}
[2018-12-20 18:34:24.941] [exthost1] [info] ExtensionService#loadCommonJSModule c:\Users\cecii\.codemix\engine\resources\app\extensions\npm\out\main
[2018-12-20 18:34:25.078] [exthost1] [info] extension host started
[2018-12-20 18:34:25.099] [exthost1] [info] ExtensionService#_doActivateExtension vscode.debug-auto-launch {"startup":true,"activationEvent":"*"}
[2018-12-20 18:34:25.099] [exthost1] [info] ExtensionService#loadCommonJSModule c:\Users\cecii\.codemix\engine\resources\app\extensions\debug-auto-launch\out\extension
[2018-12-20 18:34:25.107] [exthost1] [info] ExtensionService#_doActivateExtension vscode.emmet {"startup":true,"activationEvent":"*"}
[2018-12-20 18:34:25.107] [exthost1] [info] ExtensionService#loadCommonJSModule c:\Users\cecii\.codemix\engine\resources\app\extensions\emmet\dist\extension
[2018-12-20 18:34:25.143] [exthost1] [info] ExtensionService#_doActivateExtension vscode.merge-conflict {"startup":true,"activationEvent":"*"}
[2018-12-20 18:34:25.143] [exthost1] [info] ExtensionService#loadCommonJSModule c:\Users\cecii\.codemix\engine\resources\app\extensions\merge-conflict\out\extension
[2018-12-20 18:34:25.159] [exthost1] [info] ExtensionService#_doActivateExtension vscode.search-rg {"startup":true,"activationEvent":"*"}
[2018-12-20 18:34:25.159] [exthost1] [info] ExtensionService#loadCommonJSModule c:\Users\cecii\.codemix\engine\resources\app\extensions\search-rg\out\extension
[2018-12-20 18:34:25.166] [exthost1] [info] ExtensionService#_doActivateExtension christian-kohler.path-intellisense {"startup":true,"activationEvent":"*"}
[2018-12-20 18:34:25.166] [exthost1] [info] ExtensionService#loadCommonJSModule C:\Users\cecii\.codemix\extensions\christian-kohler.path-intellisense-1.4.2\out\src\extension
[2018-12-20 18:34:25.180] [exthost1] [info] ExtensionService#_doActivateExtension dbaeumer.vscode-eslint {"startup":true,"activationEvent":"*"}
[2018-12-20 18:34:25.180] [exthost1] [info] ExtensionService#loadCommonJSModule C:\Users\cecii\.codemix\extensions\dbaeumer.vscode-eslint-1.4.10\client\out\extension
[2018-12-20 18:34:25.242] [exthost1] [info] ExtensionService#_doActivateExtension formulahendry.auto-close-tag {"startup":true,"activationEvent":"*"}
[2018-12-20 18:34:25.242] [exthost1] [info] ExtensionService#loadCommonJSModule C:\Users\cecii\.codemix\extensions\formulahendry.auto-close-tag-0.5.6\out\src\extension
[2018-12-20 18:34:25.243] [exthost1] [info] ExtensionService#_doActivateExtension HookyQR.beautify {"startup":true,"activationEvent":"*"}
[2018-12-20 18:34:25.243] [exthost1] [info] ExtensionService#loadCommonJSModule C:\Users\cecii\.codemix\extensions\hookyqr.beautify-1.3.0\extension
[2018-12-20 18:34:25.286] [exthost1] [info] eager extensions activated
[2018-12-20 18:34:25.287] [exthost1] [info] ExtensionService#_doActivateExtension vscode.configuration-editing {"startup":false,"activationEvent":"onLanguage:jsonc"}
[2018-12-20 18:34:25.287] [exthost1] [info] ExtensionService#loadCommonJSModule c:\Users\cecii\.codemix\engine\resources\app\extensions\configuration-editing\out\extension
[2018-12-20 18:34:25.297] [exthost1] [info] ExtensionService#_doActivateExtension vscode.json-language-features {"startup":false,"activationEvent":"onLanguage:jsonc"}
[2018-12-20 18:34:25.297] [exthost1] [info] ExtensionService#loadCommonJSModule c:\Users\cecii\.codemix\engine\resources\app\extensions\json-language-features\client\dist\jsonMain
[2018-12-20 18:34:25.408] [exthost1] [info] ExtensionService#_doActivateExtension vscode.typescript-language-features {"startup":false,"activationEvent":"onLanguage:jsonc"}
[2018-12-20 18:34:25.408] [exthost1] [info] ExtensionService#loadCommonJSModule c:\Users\cecii\.codemix\engine\resources\app\extensions\typescript-language-features\dist\extension
[2018-12-20 18:34:25.525] [exthost1] [info] ExtensionService#_doActivateExtension vscode.grunt {"startup":false,"activationEvent":"onCommand:workbench.action.tasks.runTask"}
[2018-12-20 18:34:25.525] [exthost1] [info] ExtensionService#loadCommonJSModule c:\Users\cecii\.codemix\engine\resources\app\extensions\grunt\out\main
[2018-12-20 18:34:25.534] [exthost1] [info] ExtensionService#_doActivateExtension vscode.gulp {"startup":false,"activationEvent":"onCommand:workbench.action.tasks.runTask"}
[2018-12-20 18:34:25.534] [exthost1] [info] ExtensionService#loadCommonJSModule c:\Users\cecii\.codemix\engine\resources\app\extensions\gulp\out\main
[2018-12-20 18:34:25.540] [exthost1] [info] ExtensionService#_doActivateExtension vscode.jake {"startup":false,"activationEvent":"onCommand:workbench.action.tasks.runTask"}
[2018-12-20 18:34:25.540] [exthost1] [info] ExtensionService#loadCommonJSModule c:\Users\cecii\.codemix\engine\resources\app\extensions\jake\out\main
[2018-12-20 18:34:25.545] [exthost1] [info] ExtensionService#_doActivateExtension vscode.npm {"startup":false,"activationEvent":"onCommand:workbench.action.tasks.runTask"}
[2018-12-20 18:34:25.545] [exthost1] [info] ExtensionService#loadCommonJSModule c:\Users\cecii\.codemix\engine\resources\app\extensions\npm\out\main
[2018-12-20 18:50:52.054] [exthost1] [info] extension host started
[2018-12-20 18:50:52.075] [exthost1] [info] ExtensionService#_doActivateExtension vscode.debug-auto-launch {"startup":true,"activationEvent":"*"}
[2018-12-20 18:50:52.076] [exthost1] [info] ExtensionService#loadCommonJSModule c:\Users\cecii\.codemix\engine\resources\app\extensions\debug-auto-launch\out\extension
[2018-12-20 18:50:52.087] [exthost1] [info] ExtensionService#_doActivateExtension vscode.emmet {"startup":true,"activationEvent":"*"}
[2018-12-20 18:50:52.087] [exthost1] [info] ExtensionService#loadCommonJSModule c:\Users\cecii\.codemix\engine\resources\app\extensions\emmet\dist\extension
[2018-12-20 18:50:52.149] [exthost1] [info] ExtensionService#_doActivateExtension vscode.merge-conflict {"startup":true,"activationEvent":"*"}
[2018-12-20 18:50:52.149] [exthost1] [info] ExtensionService#loadCommonJSModule c:\Users\cecii\.codemix\engine\resources\app\extensions\merge-conflict\out\extension
[2018-12-20 18:50:52.176] [exthost1] [info] ExtensionService#_doActivateExtension vscode.search-rg {"startup":true,"activationEvent":"*"}
[2018-12-20 18:50:52.176] [exthost1] [info] ExtensionService#loadCommonJSModule c:\Users\cecii\.codemix\engine\resources\app\extensions\search-rg\out\extension
[2018-12-20 18:50:52.188] [exthost1] [info] ExtensionService#_doActivateExtension christian-kohler.path-intellisense {"startup":true,"activationEvent":"*"}
[2018-12-20 18:50:52.188] [exthost1] [info] ExtensionService#loadCommonJSModule C:\Users\cecii\.codemix\extensions\christian-kohler.path-intellisense-1.4.2\out\src\extension
[2018-12-20 18:50:52.207] [exthost1] [info] ExtensionService#_doActivateExtension dbaeumer.vscode-eslint {"startup":true,"activationEvent":"*"}
[2018-12-20 18:50:52.207] [exthost1] [info] ExtensionService#loadCommonJSModule C:\Users\cecii\.codemix\extensions\dbaeumer.vscode-eslint-1.4.10\client\out\extension
[2018-12-20 18:50:52.305] [exthost1] [info] ExtensionService#_doActivateExtension formulahendry.auto-close-tag {"startup":true,"activationEvent":"*"}
[2018-12-20 18:50:52.305] [exthost1] [info] ExtensionService#loadCommonJSModule C:\Users\cecii\.codemix\extensions\formulahendry.auto-close-tag-0.5.6\out\src\extension
[2018-12-20 18:50:52.307] [exthost1] [info] ExtensionService#_doActivateExtension HookyQR.beautify {"startup":true,"activationEvent":"*"}
[2018-12-20 18:50:52.307] [exthost1] [info] ExtensionService#loadCommonJSModule C:\Users\cecii\.codemix\extensions\hookyqr.beautify-1.3.0\extension
[2018-12-20 18:50:52.369] [exthost1] [info] eager extensions activated
[2018-12-20 18:50:52.373] [exthost1] [info] ExtensionService#_doActivateExtension vscode.configuration-editing {"startup":false,"activationEvent":"onLanguage:jsonc"}
[2018-12-20 18:50:52.373] [exthost1] [info] ExtensionService#loadCommonJSModule c:\Users\cecii\.codemix\engine\resources\app\extensions\configuration-editing\out\extension
[2018-12-20 18:50:52.391] [exthost1] [info] ExtensionService#_doActivateExtension vscode.json-language-features {"startup":false,"activationEvent":"onLanguage:jsonc"}
[2018-12-20 18:50:52.391] [exthost1] [info] ExtensionService#loadCommonJSModule c:\Users\cecii\.codemix\engine\resources\app\extensions\json-language-features\client\dist\jsonMain
[2018-12-20 18:50:52.525] [exthost1] [info] ExtensionService#_doActivateExtension vscode.typescript-language-features {"startup":false,"activationEvent":"onLanguage:jsonc"}
[2018-12-20 18:50:52.525] [exthost1] [info] ExtensionService#loadCommonJSModule c:\Users\cecii\.codemix\engine\resources\app\extensions\typescript-language-features\dist\extension
[2018-12-20 18:50:52.633] [exthost1] [info] ExtensionService#_doActivateExtension vscode.grunt {"startup":false,"activationEvent":"onCommand:workbench.action.tasks.runTask"}
[2018-12-20 18:50:52.633] [exthost1] [info] ExtensionService#loadCommonJSModule c:\Users\cecii\.codemix\engine\resources\app\extensions\grunt\out\main
[2018-12-20 18:50:52.642] [exthost1] [info] ExtensionService#_doActivateExtension vscode.gulp {"startup":false,"activationEvent":"onCommand:workbench.action.tasks.runTask"}
[2018-12-20 18:50:52.642] [exthost1] [info] ExtensionService#loadCommonJSModule c:\Users\cecii\.codemix\engine\resources\app\extensions\gulp\out\main
[2018-12-20 18:50:52.648] [exthost1] [info] ExtensionService#_doActivateExtension vscode.jake {"startup":false,"activationEvent":"onCommand:workbench.action.tasks.runTask"}
[2018-12-20 18:50:52.648] [exthost1] [info] ExtensionService#loadCommonJSModule c:\Users\cecii\.codemix\engine\resources\app\extensions\jake\out\main
[2018-12-20 18:50:52.653] [exthost1] [info] ExtensionService#_doActivateExtension vscode.npm {"startup":false,"activationEvent":"onCommand:workbench.action.tasks.runTask"}
[2018-12-20 18:50:52.653] [exthost1] [info] ExtensionService#loadCommonJSModule c:\Users\cecii\.codemix\engine\resources\app\extensions\npm\out\main
[2018-12-20 18:50:52.708] [exthost1] [info] ExtensionService#_doActivateExtension vscode.html-language-features {"startup":false,"activationEvent":"onLanguage:html"}
[2018-12-20 18:50:52.708] [exthost1] [info] ExtensionService#loadCommonJSModule c:\Users\cecii\.codemix\engine\resources\app\extensions\html-language-features\client\dist\htmlMain
[2018-12-20 18:50:54.220] [exthost1] [info] ExtensionService#_doActivateExtension mkaufman.HTMLHint {"startup":false,"activationEvent":"onLanguage:html"}
[2018-12-20 18:50:54.220] [exthost1] [info] ExtensionService#loadCommonJSModule C:\Users\cecii\.codemix\extensions\mkaufman.htmlhint-0.5.0\out\extension
