[2018-12-18 19:12:01.982] [exthost1] [info] extension host started
[2018-12-18 19:12:02.043] [exthost1] [info] ExtensionService#_doActivateExtension vscode.debug-auto-launch {"startup":true,"activationEvent":"*"}
[2018-12-18 19:12:02.043] [exthost1] [info] ExtensionService#loadCommonJSModule c:\Users\cecii\.codemix\engine\resources\app\extensions\debug-auto-launch\out\extension
[2018-12-18 19:12:02.058] [exthost1] [info] ExtensionService#_doActivateExtension vscode.emmet {"startup":true,"activationEvent":"*"}
[2018-12-18 19:12:02.058] [exthost1] [info] ExtensionService#loadCommonJSModule c:\Users\cecii\.codemix\engine\resources\app\extensions\emmet\dist\extension
[2018-12-18 19:12:02.162] [exthost1] [info] ExtensionService#_doActivateExtension vscode.merge-conflict {"startup":true,"activationEvent":"*"}
[2018-12-18 19:12:02.162] [exthost1] [info] ExtensionService#loadCommonJSModule c:\Users\cecii\.codemix\engine\resources\app\extensions\merge-conflict\out\extension
[2018-12-18 19:12:02.188] [exthost1] [info] ExtensionService#_doActivateExtension vscode.search-rg {"startup":true,"activationEvent":"*"}
[2018-12-18 19:12:02.189] [exthost1] [info] ExtensionService#loadCommonJSModule c:\Users\cecii\.codemix\engine\resources\app\extensions\search-rg\out\extension
[2018-12-18 19:12:02.198] [exthost1] [info] ExtensionService#_doActivateExtension christian-kohler.path-intellisense {"startup":true,"activationEvent":"*"}
[2018-12-18 19:12:02.198] [exthost1] [info] ExtensionService#loadCommonJSModule C:\Users\cecii\.codemix\extensions\christian-kohler.path-intellisense-1.4.2\out\src\extension
[2018-12-18 19:12:02.210] [exthost1] [info] ExtensionService#_doActivateExtension dbaeumer.vscode-eslint {"startup":true,"activationEvent":"*"}
[2018-12-18 19:12:02.211] [exthost1] [info] ExtensionService#loadCommonJSModule C:\Users\cecii\.codemix\extensions\dbaeumer.vscode-eslint-1.4.10\client\out\extension
[2018-12-18 19:12:02.305] [exthost1] [info] ExtensionService#_doActivateExtension formulahendry.auto-close-tag {"startup":true,"activationEvent":"*"}
[2018-12-18 19:12:02.305] [exthost1] [info] ExtensionService#loadCommonJSModule C:\Users\cecii\.codemix\extensions\formulahendry.auto-close-tag-0.5.6\out\src\extension
[2018-12-18 19:12:02.310] [exthost1] [info] ExtensionService#_doActivateExtension HookyQR.beautify {"startup":true,"activationEvent":"*"}
[2018-12-18 19:12:02.310] [exthost1] [info] ExtensionService#loadCommonJSModule C:\Users\cecii\.codemix\extensions\hookyqr.beautify-1.3.0\extension
[2018-12-18 19:12:02.402] [exthost1] [info] eager extensions activated
[2018-12-18 19:12:02.404] [exthost1] [info] ExtensionService#_doActivateExtension vscode.configuration-editing {"startup":false,"activationEvent":"onLanguage:jsonc"}
[2018-12-18 19:12:02.404] [exthost1] [info] ExtensionService#loadCommonJSModule c:\Users\cecii\.codemix\engine\resources\app\extensions\configuration-editing\out\extension
[2018-12-18 19:12:02.422] [exthost1] [info] ExtensionService#_doActivateExtension vscode.json-language-features {"startup":false,"activationEvent":"onLanguage:jsonc"}
[2018-12-18 19:12:02.422] [exthost1] [info] ExtensionService#loadCommonJSModule c:\Users\cecii\.codemix\engine\resources\app\extensions\json-language-features\client\dist\jsonMain
[2018-12-18 19:12:02.607] [exthost1] [info] ExtensionService#_doActivateExtension vscode.typescript-language-features {"startup":false,"activationEvent":"onLanguage:jsonc"}
[2018-12-18 19:12:02.607] [exthost1] [info] ExtensionService#loadCommonJSModule c:\Users\cecii\.codemix\engine\resources\app\extensions\typescript-language-features\dist\extension
[2018-12-18 19:12:02.855] [exthost1] [info] ExtensionService#_doActivateExtension vscode.grunt {"startup":false,"activationEvent":"onCommand:workbench.action.tasks.runTask"}
[2018-12-18 19:12:02.855] [exthost1] [info] ExtensionService#loadCommonJSModule c:\Users\cecii\.codemix\engine\resources\app\extensions\grunt\out\main
[2018-12-18 19:12:02.877] [exthost1] [info] ExtensionService#_doActivateExtension vscode.gulp {"startup":false,"activationEvent":"onCommand:workbench.action.tasks.runTask"}
[2018-12-18 19:12:02.877] [exthost1] [info] ExtensionService#loadCommonJSModule c:\Users\cecii\.codemix\engine\resources\app\extensions\gulp\out\main
[2018-12-18 19:12:02.890] [exthost1] [info] ExtensionService#_doActivateExtension vscode.jake {"startup":false,"activationEvent":"onCommand:workbench.action.tasks.runTask"}
[2018-12-18 19:12:02.890] [exthost1] [info] ExtensionService#loadCommonJSModule c:\Users\cecii\.codemix\engine\resources\app\extensions\jake\out\main
[2018-12-18 19:12:02.908] [exthost1] [info] ExtensionService#_doActivateExtension vscode.npm {"startup":false,"activationEvent":"onCommand:workbench.action.tasks.runTask"}
[2018-12-18 19:12:02.908] [exthost1] [info] ExtensionService#loadCommonJSModule c:\Users\cecii\.codemix\engine\resources\app\extensions\npm\out\main
[2018-12-18 19:13:57.451] [exthost1] [info] extension host started
[2018-12-18 19:13:57.485] [exthost1] [info] ExtensionService#_doActivateExtension vscode.debug-auto-launch {"startup":true,"activationEvent":"*"}
[2018-12-18 19:13:57.486] [exthost1] [info] ExtensionService#loadCommonJSModule c:\Users\cecii\.codemix\engine\resources\app\extensions\debug-auto-launch\out\extension
[2018-12-18 19:13:57.499] [exthost1] [info] ExtensionService#_doActivateExtension vscode.emmet {"startup":true,"activationEvent":"*"}
[2018-12-18 19:13:57.499] [exthost1] [info] ExtensionService#loadCommonJSModule c:\Users\cecii\.codemix\engine\resources\app\extensions\emmet\dist\extension
[2018-12-18 19:13:57.554] [exthost1] [info] ExtensionService#_doActivateExtension vscode.merge-conflict {"startup":true,"activationEvent":"*"}
[2018-12-18 19:13:57.554] [exthost1] [info] ExtensionService#loadCommonJSModule c:\Users\cecii\.codemix\engine\resources\app\extensions\merge-conflict\out\extension
[2018-12-18 19:13:57.593] [exthost1] [info] ExtensionService#_doActivateExtension vscode.search-rg {"startup":true,"activationEvent":"*"}
[2018-12-18 19:13:57.593] [exthost1] [info] ExtensionService#loadCommonJSModule c:\Users\cecii\.codemix\engine\resources\app\extensions\search-rg\out\extension
[2018-12-18 19:13:57.615] [exthost1] [info] ExtensionService#_doActivateExtension christian-kohler.path-intellisense {"startup":true,"activationEvent":"*"}
[2018-12-18 19:13:57.615] [exthost1] [info] ExtensionService#loadCommonJSModule C:\Users\cecii\.codemix\extensions\christian-kohler.path-intellisense-1.4.2\out\src\extension
[2018-12-18 19:13:57.640] [exthost1] [info] ExtensionService#_doActivateExtension dbaeumer.vscode-eslint {"startup":true,"activationEvent":"*"}
[2018-12-18 19:13:57.640] [exthost1] [info] ExtensionService#loadCommonJSModule C:\Users\cecii\.codemix\extensions\dbaeumer.vscode-eslint-1.4.10\client\out\extension
[2018-12-18 19:13:57.843] [exthost1] [info] ExtensionService#_doActivateExtension formulahendry.auto-close-tag {"startup":true,"activationEvent":"*"}
[2018-12-18 19:13:57.843] [exthost1] [info] ExtensionService#loadCommonJSModule C:\Users\cecii\.codemix\extensions\formulahendry.auto-close-tag-0.5.6\out\src\extension
[2018-12-18 19:13:57.853] [exthost1] [info] ExtensionService#_doActivateExtension HookyQR.beautify {"startup":true,"activationEvent":"*"}
[2018-12-18 19:13:57.853] [exthost1] [info] ExtensionService#loadCommonJSModule C:\Users\cecii\.codemix\extensions\hookyqr.beautify-1.3.0\extension
[2018-12-18 19:13:58.024] [exthost1] [info] eager extensions activated
[2018-12-18 19:13:58.034] [exthost1] [info] ExtensionService#_doActivateExtension vscode.configuration-editing {"startup":false,"activationEvent":"onLanguage:jsonc"}
[2018-12-18 19:13:58.034] [exthost1] [info] ExtensionService#loadCommonJSModule c:\Users\cecii\.codemix\engine\resources\app\extensions\configuration-editing\out\extension
[2018-12-18 19:13:58.069] [exthost1] [info] ExtensionService#_doActivateExtension vscode.json-language-features {"startup":false,"activationEvent":"onLanguage:jsonc"}
[2018-12-18 19:13:58.069] [exthost1] [info] ExtensionService#loadCommonJSModule c:\Users\cecii\.codemix\engine\resources\app\extensions\json-language-features\client\dist\jsonMain
[2018-12-18 19:13:58.486] [exthost1] [info] ExtensionService#_doActivateExtension vscode.typescript-language-features {"startup":false,"activationEvent":"onLanguage:jsonc"}
[2018-12-18 19:13:58.486] [exthost1] [info] ExtensionService#loadCommonJSModule c:\Users\cecii\.codemix\engine\resources\app\extensions\typescript-language-features\dist\extension
[2018-12-18 19:13:58.866] [exthost1] [info] ExtensionService#_doActivateExtension vscode.grunt {"startup":false,"activationEvent":"onCommand:workbench.action.tasks.runTask"}
[2018-12-18 19:13:58.866] [exthost1] [info] ExtensionService#loadCommonJSModule c:\Users\cecii\.codemix\engine\resources\app\extensions\grunt\out\main
[2018-12-18 19:13:58.873] [exthost1] [info] ExtensionService#_doActivateExtension vscode.gulp {"startup":false,"activationEvent":"onCommand:workbench.action.tasks.runTask"}
[2018-12-18 19:13:58.873] [exthost1] [info] ExtensionService#loadCommonJSModule c:\Users\cecii\.codemix\engine\resources\app\extensions\gulp\out\main
[2018-12-18 19:13:58.880] [exthost1] [info] ExtensionService#_doActivateExtension vscode.jake {"startup":false,"activationEvent":"onCommand:workbench.action.tasks.runTask"}
[2018-12-18 19:13:58.880] [exthost1] [info] ExtensionService#loadCommonJSModule c:\Users\cecii\.codemix\engine\resources\app\extensions\jake\out\main
[2018-12-18 19:13:58.887] [exthost1] [info] ExtensionService#_doActivateExtension vscode.npm {"startup":false,"activationEvent":"onCommand:workbench.action.tasks.runTask"}
[2018-12-18 19:13:58.887] [exthost1] [info] ExtensionService#loadCommonJSModule c:\Users\cecii\.codemix\engine\resources\app\extensions\npm\out\main
[2018-12-18 19:13:58.956] [exthost1] [info] ExtensionService#_doActivateExtension vscode.html-language-features {"startup":false,"activationEvent":"onLanguage:html"}
[2018-12-18 19:13:58.956] [exthost1] [info] ExtensionService#loadCommonJSModule c:\Users\cecii\.codemix\engine\resources\app\extensions\html-language-features\client\dist\htmlMain
[2018-12-18 19:14:00.548] [exthost1] [info] ExtensionService#_doActivateExtension mkaufman.HTMLHint {"startup":false,"activationEvent":"onLanguage:html"}
[2018-12-18 19:14:00.548] [exthost1] [info] ExtensionService#loadCommonJSModule C:\Users\cecii\.codemix\extensions\mkaufman.htmlhint-0.5.0\out\extension
[2018-12-18 19:35:39.259] [exthost1] [info] ExtensionService#_doActivateExtension vscode.css-language-features {"startup":false,"activationEvent":"onLanguage:css"}
[2018-12-18 19:35:39.259] [exthost1] [info] ExtensionService#loadCommonJSModule c:\Users\cecii\.codemix\engine\resources\app\extensions\css-language-features\client\dist\cssMain
[2018-12-19 13:49:52.830] [exthost1] [info] extension host started
[2018-12-19 13:49:52.887] [exthost1] [info] ExtensionService#_doActivateExtension vscode.debug-auto-launch {"startup":true,"activationEvent":"*"}
[2018-12-19 13:49:52.887] [exthost1] [info] ExtensionService#loadCommonJSModule c:\Users\cecii\.codemix\engine\resources\app\extensions\debug-auto-launch\out\extension
[2018-12-19 13:49:53.013] [exthost1] [info] ExtensionService#_doActivateExtension vscode.emmet {"startup":true,"activationEvent":"*"}
[2018-12-19 13:49:53.013] [exthost1] [info] ExtensionService#loadCommonJSModule c:\Users\cecii\.codemix\engine\resources\app\extensions\emmet\dist\extension
[2018-12-19 13:49:53.127] [exthost1] [info] ExtensionService#_doActivateExtension vscode.merge-conflict {"startup":true,"activationEvent":"*"}
[2018-12-19 13:49:53.127] [exthost1] [info] ExtensionService#loadCommonJSModule c:\Users\cecii\.codemix\engine\resources\app\extensions\merge-conflict\out\extension
[2018-12-19 13:49:53.631] [exthost1] [info] ExtensionService#_doActivateExtension vscode.search-rg {"startup":true,"activationEvent":"*"}
[2018-12-19 13:49:53.631] [exthost1] [info] ExtensionService#loadCommonJSModule c:\Users\cecii\.codemix\engine\resources\app\extensions\search-rg\out\extension
[2018-12-19 13:49:53.904] [exthost1] [info] ExtensionService#_doActivateExtension christian-kohler.path-intellisense {"startup":true,"activationEvent":"*"}
[2018-12-19 13:49:53.904] [exthost1] [info] ExtensionService#loadCommonJSModule C:\Users\cecii\.codemix\extensions\christian-kohler.path-intellisense-1.4.2\out\src\extension
[2018-12-19 13:49:54.238] [exthost1] [info] ExtensionService#_doActivateExtension dbaeumer.vscode-eslint {"startup":true,"activationEvent":"*"}
[2018-12-19 13:49:54.238] [exthost1] [info] ExtensionService#loadCommonJSModule C:\Users\cecii\.codemix\extensions\dbaeumer.vscode-eslint-1.4.10\client\out\extension
[2018-12-19 13:49:55.597] [exthost1] [info] ExtensionService#_doActivateExtension formulahendry.auto-close-tag {"startup":true,"activationEvent":"*"}
[2018-12-19 13:49:55.597] [exthost1] [info] ExtensionService#loadCommonJSModule C:\Users\cecii\.codemix\extensions\formulahendry.auto-close-tag-0.5.6\out\src\extension
[2018-12-19 13:49:55.616] [exthost1] [info] ExtensionService#_doActivateExtension HookyQR.beautify {"startup":true,"activationEvent":"*"}
[2018-12-19 13:49:55.616] [exthost1] [info] ExtensionService#loadCommonJSModule C:\Users\cecii\.codemix\extensions\hookyqr.beautify-1.3.0\extension
[2018-12-19 13:49:56.355] [exthost1] [info] eager extensions activated
[2018-12-19 13:49:56.355] [exthost1] [info] ExtensionService#_doActivateExtension vscode.configuration-editing {"startup":false,"activationEvent":"onLanguage:jsonc"}
[2018-12-19 13:49:56.355] [exthost1] [info] ExtensionService#loadCommonJSModule c:\Users\cecii\.codemix\engine\resources\app\extensions\configuration-editing\out\extension
[2018-12-19 13:49:56.607] [exthost1] [info] ExtensionService#_doActivateExtension vscode.json-language-features {"startup":false,"activationEvent":"onLanguage:jsonc"}
[2018-12-19 13:49:56.607] [exthost1] [info] ExtensionService#loadCommonJSModule c:\Users\cecii\.codemix\engine\resources\app\extensions\json-language-features\client\dist\jsonMain
[2018-12-19 13:49:58.285] [exthost1] [info] ExtensionService#_doActivateExtension vscode.typescript-language-features {"startup":false,"activationEvent":"onLanguage:jsonc"}
[2018-12-19 13:49:58.285] [exthost1] [info] ExtensionService#loadCommonJSModule c:\Users\cecii\.codemix\engine\resources\app\extensions\typescript-language-features\dist\extension
[2018-12-19 13:49:59.489] [exthost1] [info] ExtensionService#_doActivateExtension vscode.grunt {"startup":false,"activationEvent":"onCommand:workbench.action.tasks.runTask"}
[2018-12-19 13:49:59.489] [exthost1] [info] ExtensionService#loadCommonJSModule c:\Users\cecii\.codemix\engine\resources\app\extensions\grunt\out\main
[2018-12-19 13:49:59.603] [exthost1] [info] ExtensionService#_doActivateExtension vscode.gulp {"startup":false,"activationEvent":"onCommand:workbench.action.tasks.runTask"}
[2018-12-19 13:49:59.603] [exthost1] [info] ExtensionService#loadCommonJSModule c:\Users\cecii\.codemix\engine\resources\app\extensions\gulp\out\main
[2018-12-19 13:49:59.737] [exthost1] [info] ExtensionService#_doActivateExtension vscode.jake {"startup":false,"activationEvent":"onCommand:workbench.action.tasks.runTask"}
[2018-12-19 13:49:59.737] [exthost1] [info] ExtensionService#loadCommonJSModule c:\Users\cecii\.codemix\engine\resources\app\extensions\jake\out\main
[2018-12-19 13:49:59.856] [exthost1] [info] ExtensionService#_doActivateExtension vscode.npm {"startup":false,"activationEvent":"onCommand:workbench.action.tasks.runTask"}
[2018-12-19 13:49:59.856] [exthost1] [info] ExtensionService#loadCommonJSModule c:\Users\cecii\.codemix\engine\resources\app\extensions\npm\out\main
[2018-12-19 13:50:01.124] [exthost1] [info] ExtensionService#_doActivateExtension vscode.html-language-features {"startup":false,"activationEvent":"onLanguage:html"}
[2018-12-19 13:50:01.124] [exthost1] [info] ExtensionService#loadCommonJSModule c:\Users\cecii\.codemix\engine\resources\app\extensions\html-language-features\client\dist\htmlMain
[2018-12-19 13:50:02.383] [exthost1] [info] ExtensionService#_doActivateExtension mkaufman.HTMLHint {"startup":false,"activationEvent":"onLanguage:html"}
[2018-12-19 13:50:02.383] [exthost1] [info] ExtensionService#loadCommonJSModule C:\Users\cecii\.codemix\extensions\mkaufman.htmlhint-0.5.0\out\extension
[2018-12-19 13:50:03.291] [exthost1] [info] ExtensionService#_doActivateExtension vscode.css-language-features {"startup":false,"activationEvent":"onLanguage:css"}
[2018-12-19 13:50:03.291] [exthost1] [info] ExtensionService#loadCommonJSModule c:\Users\cecii\.codemix\engine\resources\app\extensions\css-language-features\client\dist\cssMain
